have_struct_member: checking for rb_method_entry_t.called_id in method.h... -------------------- no

"gcc-4.2 -o conftest -I/usr/local/rvm/rubies/ruby-1.9.3-p392/include/ruby-1.9.1/x86_64-darwin10.8.0 -I/usr/local/rvm/rubies/ruby-1.9.3-p392/include/ruby-1.9.1/ruby/backward -I/usr/local/rvm/rubies/ruby-1.9.3-p392/include/ruby-1.9.1 -I. -D_XOPEN_SOURCE -D_DARWIN_C_SOURCE   -O3 -I/opt/sm/pkg/active/include -pipe conftest.c  -L. -L/usr/local/rvm/rubies/ruby-1.9.3-p392/lib -L. -L/opt/sm/pkg/active/lib   -arch x86_64   -lruby-static  -lpthread -ldl -lobjc "
checked program was:
/* begin */
1: #include "ruby.h"
2: 
3: int main() {return 0;}
/* end */

"gcc-4.2 -I/usr/local/rvm/rubies/ruby-1.9.3-p392/include/ruby-1.9.1/x86_64-darwin10.8.0 -I/usr/local/rvm/rubies/ruby-1.9.3-p392/include/ruby-1.9.1/ruby/backward -I/usr/local/rvm/rubies/ruby-1.9.3-p392/include/ruby-1.9.1 -I. -D_XOPEN_SOURCE -D_DARWIN_C_SOURCE   -O3 -I/opt/sm/pkg/active/include -pipe  -arch x86_64  -c conftest.c"
conftest.c:3:20: error: method.h: No such file or directory
conftest.c:7: error: ‘rb_method_entry_t’ undeclared here (not in a function)
conftest.c:7: error: expected expression before ‘)’ token
checked program was:
/* begin */
1: #include "ruby.h"
2: 
3: #include <method.h>
4: 
5: /*top*/
6: int main() {return 0;}
7: int s = (char *)&((rb_method_entry_t*)0)->called_id - (char *)0;
/* end */

--------------------

have_struct_member: checking for rb_control_frame_t.method_id in method.h... -------------------- no

"gcc-4.2 -I/usr/local/rvm/rubies/ruby-1.9.3-p392/include/ruby-1.9.1/x86_64-darwin10.8.0 -I/usr/local/rvm/rubies/ruby-1.9.3-p392/include/ruby-1.9.1/ruby/backward -I/usr/local/rvm/rubies/ruby-1.9.3-p392/include/ruby-1.9.1 -I. -D_XOPEN_SOURCE -D_DARWIN_C_SOURCE   -O3 -I/opt/sm/pkg/active/include -pipe  -arch x86_64  -c conftest.c"
conftest.c:3:20: error: method.h: No such file or directory
conftest.c:7: error: ‘rb_control_frame_t’ undeclared here (not in a function)
conftest.c:7: error: expected expression before ‘)’ token
checked program was:
/* begin */
1: #include "ruby.h"
2: 
3: #include <method.h>
4: 
5: /*top*/
6: int main() {return 0;}
7: int s = (char *)&((rb_control_frame_t*)0)->method_id - (char *)0;
/* end */

--------------------

have_struct_member: checking for rb_method_entry_t.called_id in method.h... -------------------- no

"gcc-4.2 -I/usr/local/rvm/rubies/ruby-1.9.3-p392/include/ruby-1.9.1/x86_64-darwin10.8.0 -I/usr/local/rvm/rubies/ruby-1.9.3-p392/include/ruby-1.9.1/ruby/backward -I/usr/local/rvm/rubies/ruby-1.9.3-p392/include/ruby-1.9.1 -I. -I/usr/local/rvm/rubies/ruby-1.9.3-p392/include/ruby-1.9.1/ruby-1.9.3-p392 -O3 -I/opt/sm/pkg/active/include -pipe  -arch x86_64  -c conftest.c"
conftest.c:3:20: error: method.h: No such file or directory
conftest.c:7: error: ‘rb_method_entry_t’ undeclared here (not in a function)
conftest.c:7: error: expected expression before ‘)’ token
checked program was:
/* begin */
1: #include "ruby.h"
2: 
3: #include <method.h>
4: 
5: /*top*/
6: int main() {return 0;}
7: int s = (char *)&((rb_method_entry_t*)0)->called_id - (char *)0;
/* end */

--------------------

have_struct_member: checking for rb_control_frame_t.method_id in method.h... -------------------- no

"gcc-4.2 -I/usr/local/rvm/rubies/ruby-1.9.3-p392/include/ruby-1.9.1/x86_64-darwin10.8.0 -I/usr/local/rvm/rubies/ruby-1.9.3-p392/include/ruby-1.9.1/ruby/backward -I/usr/local/rvm/rubies/ruby-1.9.3-p392/include/ruby-1.9.1 -I. -I/usr/local/rvm/rubies/ruby-1.9.3-p392/include/ruby-1.9.1/ruby-1.9.3-p392 -O3 -I/opt/sm/pkg/active/include -pipe  -arch x86_64  -c conftest.c"
conftest.c:3:20: error: method.h: No such file or directory
conftest.c:7: error: ‘rb_control_frame_t’ undeclared here (not in a function)
conftest.c:7: error: expected expression before ‘)’ token
checked program was:
/* begin */
1: #include "ruby.h"
2: 
3: #include <method.h>
4: 
5: /*top*/
6: int main() {return 0;}
7: int s = (char *)&((rb_control_frame_t*)0)->method_id - (char *)0;
/* end */

--------------------

have_struct_member: checking for rb_method_entry_t.called_id in method.h... -------------------- yes

"gcc-4.2 -I/usr/local/rvm/rubies/ruby-1.9.3-p392/include/ruby-1.9.1/x86_64-darwin10.8.0 -I/usr/local/rvm/rubies/ruby-1.9.3-p392/include/ruby-1.9.1/ruby/backward -I/usr/local/rvm/rubies/ruby-1.9.3-p392/include/ruby-1.9.1 -I. -I/Users/johnzw89/Dropbox/Rails_Proj/SINY_HWK/JohnWei_ReservesterF13/path/ruby/1.9.1/gems/debugger-ruby_core_source-1.2.3/lib/debugger/ruby_core_source/ruby-1.9.3-p392 -O3 -I/opt/sm/pkg/active/include -pipe  -arch x86_64  -c conftest.c"
checked program was:
/* begin */
1: #include "ruby.h"
2: 
3: #include <method.h>
4: 
5: /*top*/
6: int main() {return 0;}
7: int s = (char *)&((rb_method_entry_t*)0)->called_id - (char *)0;
/* end */

--------------------

have_header: checking for vm_core.h... -------------------- yes

"gcc-4.2 -E -I/usr/local/rvm/rubies/ruby-1.9.3-p392/include/ruby-1.9.1/x86_64-darwin10.8.0 -I/usr/local/rvm/rubies/ruby-1.9.3-p392/include/ruby-1.9.1/ruby/backward -I/usr/local/rvm/rubies/ruby-1.9.3-p392/include/ruby-1.9.1 -I. -I/Users/johnzw89/Dropbox/Rails_Proj/SINY_HWK/JohnWei_ReservesterF13/path/ruby/1.9.1/gems/debugger-ruby_core_source-1.2.3/lib/debugger/ruby_core_source/ruby-1.9.3-p392 -O3 -I/opt/sm/pkg/active/include -pipe  conftest.c -o conftest.i"
checked program was:
/* begin */
1: #include "ruby.h"
2: 
3: #include <vm_core.h>
/* end */

--------------------

have_header: checking for iseq.h... -------------------- yes

"gcc-4.2 -E -I/usr/local/rvm/rubies/ruby-1.9.3-p392/include/ruby-1.9.1/x86_64-darwin10.8.0 -I/usr/local/rvm/rubies/ruby-1.9.3-p392/include/ruby-1.9.1/ruby/backward -I/usr/local/rvm/rubies/ruby-1.9.3-p392/include/ruby-1.9.1 -I. -I/Users/johnzw89/Dropbox/Rails_Proj/SINY_HWK/JohnWei_ReservesterF13/path/ruby/1.9.1/gems/debugger-ruby_core_source-1.2.3/lib/debugger/ruby_core_source/ruby-1.9.3-p392 -O3 -I/opt/sm/pkg/active/include -pipe  conftest.c -o conftest.i"
checked program was:
/* begin */
1: #include "ruby.h"
2: 
3: #include <iseq.h>
/* end */

--------------------

have_header: checking for insns.inc... -------------------- yes

"gcc-4.2 -E -I/usr/local/rvm/rubies/ruby-1.9.3-p392/include/ruby-1.9.1/x86_64-darwin10.8.0 -I/usr/local/rvm/rubies/ruby-1.9.3-p392/include/ruby-1.9.1/ruby/backward -I/usr/local/rvm/rubies/ruby-1.9.3-p392/include/ruby-1.9.1 -I. -I/Users/johnzw89/Dropbox/Rails_Proj/SINY_HWK/JohnWei_ReservesterF13/path/ruby/1.9.1/gems/debugger-ruby_core_source-1.2.3/lib/debugger/ruby_core_source/ruby-1.9.3-p392 -O3 -I/opt/sm/pkg/active/include -pipe  conftest.c -o conftest.i"
checked program was:
/* begin */
1: #include "ruby.h"
2: 
3: #include <insns.inc>
/* end */

--------------------

have_header: checking for insns_info.inc... -------------------- yes

"gcc-4.2 -E -I/usr/local/rvm/rubies/ruby-1.9.3-p392/include/ruby-1.9.1/x86_64-darwin10.8.0 -I/usr/local/rvm/rubies/ruby-1.9.3-p392/include/ruby-1.9.1/ruby/backward -I/usr/local/rvm/rubies/ruby-1.9.3-p392/include/ruby-1.9.1 -I. -I/Users/johnzw89/Dropbox/Rails_Proj/SINY_HWK/JohnWei_ReservesterF13/path/ruby/1.9.1/gems/debugger-ruby_core_source-1.2.3/lib/debugger/ruby_core_source/ruby-1.9.3-p392 -O3 -I/opt/sm/pkg/active/include -pipe  conftest.c -o conftest.i"
checked program was:
/* begin */
1: #include "ruby.h"
2: 
3: #include <insns_info.inc>
/* end */

--------------------

have_header: checking for eval_intern.h... -------------------- yes

"gcc-4.2 -E -I/usr/local/rvm/rubies/ruby-1.9.3-p392/include/ruby-1.9.1/x86_64-darwin10.8.0 -I/usr/local/rvm/rubies/ruby-1.9.3-p392/include/ruby-1.9.1/ruby/backward -I/usr/local/rvm/rubies/ruby-1.9.3-p392/include/ruby-1.9.1 -I. -I/Users/johnzw89/Dropbox/Rails_Proj/SINY_HWK/JohnWei_ReservesterF13/path/ruby/1.9.1/gems/debugger-ruby_core_source-1.2.3/lib/debugger/ruby_core_source/ruby-1.9.3-p392 -O3 -I/opt/sm/pkg/active/include -pipe  conftest.c -o conftest.i"
checked program was:
/* begin */
1: #include "ruby.h"
2: 
3: #include <eval_intern.h>
/* end */

--------------------

have_type: checking for struct iseq_line_info_entry in vm_core.h,iseq.h... -------------------- no

"gcc-4.2 -I/usr/local/rvm/rubies/ruby-1.9.3-p392/include/ruby-1.9.1/x86_64-darwin10.8.0 -I/usr/local/rvm/rubies/ruby-1.9.3-p392/include/ruby-1.9.1/ruby/backward -I/usr/local/rvm/rubies/ruby-1.9.3-p392/include/ruby-1.9.1 -I. -I/Users/johnzw89/Dropbox/Rails_Proj/SINY_HWK/JohnWei_ReservesterF13/path/ruby/1.9.1/gems/debugger-ruby_core_source-1.2.3/lib/debugger/ruby_core_source/ruby-1.9.3-p392 -O3 -I/opt/sm/pkg/active/include -pipe  -arch x86_64  -c conftest.c"
conftest.c:8: error: invalid application of ‘sizeof’ to incomplete type ‘conftest_type’ 
conftest.c:8: error: size of array ‘conftestval’ is negative
checked program was:
/* begin */
1: #include "ruby.h"
2: 
3: #include <vm_core.h>
4: #include <iseq.h>
5: 
6: /*top*/
7: typedef struct iseq_line_info_entry conftest_type;
8: int conftestval[sizeof(conftest_type)?1:-1];
/* end */

--------------------

have_type: checking for struct iseq_insn_info_entry in vm_core.h,iseq.h... -------------------- yes

"gcc-4.2 -I/usr/local/rvm/rubies/ruby-1.9.3-p392/include/ruby-1.9.1/x86_64-darwin10.8.0 -I/usr/local/rvm/rubies/ruby-1.9.3-p392/include/ruby-1.9.1/ruby/backward -I/usr/local/rvm/rubies/ruby-1.9.3-p392/include/ruby-1.9.1 -I. -I/Users/johnzw89/Dropbox/Rails_Proj/SINY_HWK/JohnWei_ReservesterF13/path/ruby/1.9.1/gems/debugger-ruby_core_source-1.2.3/lib/debugger/ruby_core_source/ruby-1.9.3-p392 -O3 -I/opt/sm/pkg/active/include -pipe  -arch x86_64  -c conftest.c"
checked program was:
/* begin */
1: #include "ruby.h"
2: 
3: #include <vm_core.h>
4: #include <iseq.h>
5: 
6: /*top*/
7: typedef struct iseq_insn_info_entry conftest_type;
8: int conftestval[sizeof(conftest_type)?1:-1];
/* end */

--------------------

block in <main>: checking for if rb_iseq_compile_with_option was added an argument filepath... -------------------- yes

"gcc-4.2 -I/usr/local/rvm/rubies/ruby-1.9.3-p392/include/ruby-1.9.1/x86_64-darwin10.8.0 -I/usr/local/rvm/rubies/ruby-1.9.3-p392/include/ruby-1.9.1/ruby/backward -I/usr/local/rvm/rubies/ruby-1.9.3-p392/include/ruby-1.9.1 -I. -I/Users/johnzw89/Dropbox/Rails_Proj/SINY_HWK/JohnWei_ReservesterF13/path/ruby/1.9.1/gems/debugger-ruby_core_source-1.2.3/lib/debugger/ruby_core_source/ruby-1.9.3-p392 -O3 -I/opt/sm/pkg/active/include -pipe  -arch x86_64  -c conftest.c"
checked program was:
/* begin */
1: #include "ruby.h"
2: 
3: #include <ruby.h>
4: #include "vm_core.h"
5: extern VALUE rb_iseq_new_main(NODE *node, VALUE filename, VALUE filepath);
/* end */

--------------------

